This is pdfTeX, Version 3.14159265-2.6-1.40.18 (TeX Live 2017/Debian) (preloaded format=pdflatex 2019.10.27)  28 OCT 2019 19:10
entering extended mode
 restricted \write18 enabled.
 %&-line parsing enabled.
**keyboard_generator.py
(./keyboard_generator.py
LaTeX2e <2017-04-15>
Babel <3.18> and hyphenation patterns for 84 language(s) loaded.
! You can't use `macro parameter character #' in vertical mode.
l.1 #
     !/usr/bin/env python3
? X
 
Here is how much of TeX's memory you used:
 6 strings out of 492982
 179 string characters out of 6134895
 53907 words of memory out of 5000000
 3671 multiletter control sequences out of 15000+600000
 3640 words of font info for 14 fonts, out of 8000000 for 9000
 1141 hyphenation exceptions out of 8191
 5i,0n,1p,48b,8s stack positions out of 5000i,500n,10000p,200000b,80000s
No pages of output.
PDF statistics:
 0 PDF objects out of 1000 (max. 8388607)
 0 named destinations out of 1000 (max. 500000)
 1 words of extra memory for PDF output out of 10000 (max. 10000000)

